<?xml version="1.0" encoding="UTF-8"?>
<testsuite name="cshcyberhawks.swolib.math.AngleCalculationsTest" tests="2" skipped="0" failures="0" errors="0" timestamp="2023-03-31T21:02:33" hostname="green726-laptop" time="0.016">
  <properties/>
  <testcase name="optimizeAngle()" classname="cshcyberhawks.swolib.math.AngleCalculationsTest" time="0.014"/>
  <testcase name="wrapAroundAngles()" classname="cshcyberhawks.swolib.math.AngleCalculationsTest" time="0.001"/>
  <system-out><![CDATA[]]></system-out>
  <system-err><![CDATA[]]></system-err>
</testsuite>
