<?xml version="1.0" encoding="UTF-8"?>
<testsuite name="cshcyberhawks.swolib.math.ConversionsTest" tests="1" skipped="0" failures="0" errors="0" timestamp="2023-03-31T21:02:33" hostname="green726-laptop" time="0.001">
  <properties/>
  <testcase name="rotationsToMeters()" classname="cshcyberhawks.swolib.math.ConversionsTest" time="0.001"/>
  <system-out><![CDATA[]]></system-out>
  <system-err><![CDATA[]]></system-err>
</testsuite>
